<?xml version="1.0" encoding="UTF-8"?>
<!-- Generated by org.testng.reporters.JUnitReportReporter -->
<testsuite skipped="0" hostname="wangmengleideMacBook-Pro.local" name="just.test.testGetDriver" tests="1" failures="0" timestamp="13 九月 2018 10:20:43 GMT" time="16.549" errors="0">
  <testcase name="test01" time="16.549" classname="just.test.testGetDriver"/>
</testsuite> <!-- just.test.testGetDriver -->
