<?xml version="1.0" encoding="UTF-8"?>
<!-- Generated by org.testng.reporters.JUnitReportReporter -->
<testsuite skipped="0" hostname="wangmengleideMacBook-Pro.local" name="com.job.ui.test.DeleteArticle" tests="1" failures="0" timestamp="13 九月 2018 05:59:45 GMT" time="4.027" errors="0">
  <testcase name="delete_article" time="4.027" classname="com.job.ui.test.DeleteArticle"/>
</testsuite> <!-- com.job.ui.test.DeleteArticle -->
