<?xml version="1.0" encoding="UTF-8"?>
<!-- Generated by org.testng.reporters.JUnitReportReporter -->
<testsuite skipped="0" hostname="wangmengleideMacBook-Pro.local" name="just.test.testdriver" tests="1" failures="0" timestamp="19 九月 2018 18:07:03 GMT" time="4.556" errors="0">
  <testcase name="td" time="4.556" classname="just.test.testdriver"/>
</testsuite> <!-- just.test.testdriver -->
