<?xml version="1.0" encoding="UTF-8"?>
<!-- Generated by org.testng.reporters.JUnitReportReporter -->
<testsuite skipped="0" hostname="172.26.54.6" name="com.job.ui.contentmanager.cont1" tests="1" failures="0" timestamp="19 九月 2018 13:06:58 GMT" time="0.001" errors="0">
  <testcase name="TestArtical1" time="0.001" classname="com.job.ui.contentmanager.cont1"/>
</testsuite> <!-- com.job.ui.contentmanager.cont1 -->
