<?xml version="1.0" encoding="UTF-8"?>
<!-- Generated by org.testng.reporters.JUnitReportReporter -->
<testsuite skipped="0" hostname="wangmengleideMacBook-Pro.local" name="com.job.ui.test.IsVisible" tests="1" failures="0" timestamp="13 九月 2018 05:09:22 GMT" time="0.852" errors="0">
  <testcase name="test01" time="0.852" classname="com.job.ui.test.IsVisible"/>
</testsuite> <!-- com.job.ui.test.IsVisible -->
