<?xml version="1.0" encoding="UTF-8"?>
<!-- Generated by org.testng.reporters.JUnitReportReporter -->
<testsuite skipped="0" hostname="wangmengleideMacBook-Pro.local" name="just.test.testGetDriver2" tests="1" failures="0" timestamp="13 九月 2018 10:20:43 GMT" time="0.357" errors="0">
  <testcase name="test01" time="0.357" classname="just.test.testGetDriver2"/>
</testsuite> <!-- just.test.testGetDriver2 -->
