<?xml version="1.0" encoding="UTF-8"?>
<!-- Generated by org.testng.reporters.JUnitReportReporter -->
<testsuite skipped="0" hostname="wangmengleideMacBook-Pro.local" name="just.test.testwebdriverWait" tests="1" failures="0" timestamp="12 九月 2018 10:15:40 GMT" time="5.001" errors="0">
  <testcase name="TestArtical1" time="5.001" classname="just.test.testwebdriverWait"/>
</testsuite> <!-- just.test.testwebdriverWait -->
