<?xml version="1.0" encoding="UTF-8"?>
<!-- Generated by org.testng.reporters.JUnitReportReporter -->
<testsuite skipped="0" hostname="172.26.54.6" name="just.test.test1" tests="1" failures="0" timestamp="19 九月 2018 13:06:58 GMT" time="100.093" errors="0">
  <testcase name="td" time="100.093" classname="just.test.test1"/>
</testsuite> <!-- just.test.test1 -->
