<?xml version="1.0" encoding="UTF-8"?>
<!-- Generated by org.testng.reporters.JUnitReportReporter -->
<testsuite skipped="0" hostname="wangmengleideMacBook-Pro.local" name="just.test.testdriver" tests="1" failures="0" timestamp="19 九月 2018 19:24:47 GMT" time="5.716" errors="0">
  <testcase name="td" time="5.716" classname="just.test.testdriver"/>
</testsuite> <!-- just.test.testdriver -->
