<?xml version="1.0" encoding="UTF-8"?>
<!-- Generated by org.testng.reporters.JUnitReportReporter -->
<testsuite skipped="3" hostname="wangmengleideMacBook-Pro.local" name="com.job.ui.test.CreateNormalArticles" tests="4" failures="0" timestamp="13 九月 2018 10:29:31 GMT" time="5.864" errors="0">
  <testcase name="TestArtical1" time="5.864" classname="com.job.ui.test.CreateNormalArticles"/>
  <testcase name="TestArtical4" classname="com.job.ui.test.CreateNormalArticles">
    <skipped/>
  </testcase> <!-- TestArtical4 -->
  <testcase name="TestArtical3" classname="com.job.ui.test.CreateNormalArticles">
    <skipped/>
  </testcase> <!-- TestArtical3 -->
  <testcase name="TestArtical2" classname="com.job.ui.test.CreateNormalArticles">
    <skipped/>
  </testcase> <!-- TestArtical2 -->
</testsuite> <!-- com.job.ui.test.CreateNormalArticles -->
