<?xml version="1.0" encoding="UTF-8"?>
<!-- Generated by org.testng.reporters.JUnitReportReporter -->
<testsuite skipped="0" hostname="wangmengleideMacBook-Pro.local" name="com.job.ui.contentmanager.cont1" tests="1" failures="0" timestamp="19 九月 2018 19:01:32 GMT" time="0.000" errors="0">
  <testcase name="TestArtical1" time="0.000" classname="com.job.ui.contentmanager.cont1"/>
</testsuite> <!-- com.job.ui.contentmanager.cont1 -->
