<?xml version="1.0" encoding="UTF-8"?>
<!-- Generated by org.testng.reporters.JUnitReportReporter -->
<testsuite skipped="0" hostname="wangmengleideMacBook-Pro.local" name="just.test.test1" tests="1" failures="0" timestamp="19 九月 2018 19:01:32 GMT" time="0.001" errors="0">
  <testcase name="td" time="0.001" classname="just.test.test1"/>
</testsuite> <!-- just.test.test1 -->
