<?xml version="1.0" encoding="UTF-8"?>
<!-- Generated by org.testng.reporters.JUnitReportReporter -->
<testsuite skipped="0" hostname="172.26.54.6" name="just.test.testdriver" tests="1" failures="0" timestamp="19 九月 2018 13:08:46 GMT" time="16.437" errors="0">
  <testcase name="td" time="16.437" classname="just.test.testdriver"/>
</testsuite> <!-- just.test.testdriver -->
