<?xml version="1.0" encoding="UTF-8"?>
<!-- Generated by org.testng.reporters.JUnitReportReporter -->
<testsuite skipped="0" hostname="172.26.54.6" name="just.test.test3" tests="1" failures="0" timestamp="19 九月 2018 13:08:46 GMT" time="0.000" errors="0">
  <testcase name="td" time="0.000" classname="just.test.test3"/>
</testsuite> <!-- just.test.test3 -->
